The system is: Linux - 4.19.91-c8dfc93.al7.x86_64 - x86_64
Compiling the C compiler identification source file "CMakeCCompilerId.c" succeeded.
Compiler: /usr/bin/cc 
Build flags: 
Id flags:  

The output was:
0


Compilation of the C compiler identification source "CMakeCCompilerId.c" produced "a.out"

The C compiler identification is GNU, found in "/workspace/build/CMakeFiles/3.25.1/CompilerIdC/a.out"

Compiling the CXX compiler identification source file "CMakeCXXCompilerId.cpp" succeeded.
Compiler: /usr/bin/c++ 
Build flags: 
Id flags:  

The output was:
0


Compilation of the CXX compiler identification source "CMakeCXXCompilerId.cpp" produced "a.out"

The CXX compiler identification is GNU, found in "/workspace/build/CMakeFiles/3.25.1/CompilerIdCXX/a.out"

Detecting C compiler ABI info compiled with the following output:
Change Dir: /workspace/build/CMakeFiles/CMakeScratch/TryCompile-wLC0qz

Run Build Command(s):/usr/bin/gmake -f Makefile cmTC_5a9f8/fast && /usr/bin/gmake  -f CMakeFiles/cmTC_5a9f8.dir/build.make CMakeFiles/cmTC_5a9f8.dir/build
gmake[1]: Entering directory '/workspace/build/CMakeFiles/CMakeScratch/TryCompile-wLC0qz'
Building C object CMakeFiles/cmTC_5a9f8.dir/CMakeCCompilerABI.c.o
/usr/bin/cc   -v -o CMakeFiles/cmTC_5a9f8.dir/CMakeCCompilerABI.c.o -c /usr/share/cmake-3.25/Modules/CMakeCCompilerABI.c
Using built-in specs.
COLLECT_GCC=/usr/bin/cc
OFFLOAD_TARGET_NAMES=nvptx-none:amdgcn-amdhsa
OFFLOAD_TARGET_DEFAULT=1
Target: x86_64-linux-gnu
Configured with: ../src/configure -v --with-pkgversion='Debian 12.2.0-14+deb12u1' --with-bugurl=file:///usr/share/doc/gcc-12/README.Bugs --enable-languages=c,ada,c++,go,d,fortran,objc,obj-c++,m2 --prefix=/usr --with-gcc-major-version-only --program-suffix=-12 --program-prefix=x86_64-linux-gnu- --enable-shared --enable-linker-build-id --libexecdir=/usr/lib --without-included-gettext --enable-threads=posix --libdir=/usr/lib --enable-nls --enable-clocale=gnu --enable-libstdcxx-debug --enable-libstdcxx-time=yes --with-default-libstdcxx-abi=new --enable-gnu-unique-object --disable-vtable-verify --enable-plugin --enable-default-pie --with-system-zlib --enable-libphobos-checking=release --with-target-system-zlib=auto --enable-objc-gc=auto --enable-multiarch --disable-werror --enable-cet --with-arch-32=i686 --with-abi=m64 --with-multilib-list=m32,m64,mx32 --enable-multilib --with-tune=generic --enable-offload-targets=nvptx-none=/build/reproducible-path/gcc-12-12.2.0/debian/tmp-nvptx/usr,amdgcn-amdhsa=/build/reproducible-path/gcc-12-12.2.0/debian/tmp-gcn/usr --enable-offload-defaulted --without-cuda-driver --enable-checking=release --build=x86_64-linux-gnu --host=x86_64-linux-gnu --target=x86_64-linux-gnu
Thread model: posix
Supported LTO compression algorithms: zlib zstd
gcc version 12.2.0 (Debian 12.2.0-14+deb12u1) 
COLLECT_GCC_OPTIONS='-v' '-o' 'CMakeFiles/cmTC_5a9f8.dir/CMakeCCompilerABI.c.o' '-c' '-mtune=generic' '-march=x86-64' '-dumpdir' 'CMakeFiles/cmTC_5a9f8.dir/'
 /usr/lib/gcc/x86_64-linux-gnu/12/cc1 -quiet -v -imultiarch x86_64-linux-gnu /usr/share/cmake-3.25/Modules/CMakeCCompilerABI.c -quiet -dumpdir CMakeFiles/cmTC_5a9f8.dir/ -dumpbase CMakeCCompilerABI.c.c -dumpbase-ext .c -mtune=generic -march=x86-64 -version -fasynchronous-unwind-tables -o /tmp/ccrlyF1r.s
GNU C17 (Debian 12.2.0-14+deb12u1) version 12.2.0 (x86_64-linux-gnu)
	compiled by GNU C version 12.2.0, GMP version 6.2.1, MPFR version 4.2.0, MPC version 1.3.1, isl version isl-0.25-GMP

GGC heuristics: --param ggc-min-expand=100 --param ggc-min-heapsize=131072
ignoring nonexistent directory "/usr/local/include/x86_64-linux-gnu"
ignoring nonexistent directory "/usr/lib/gcc/x86_64-linux-gnu/12/include-fixed"
ignoring nonexistent directory "/usr/lib/gcc/x86_64-linux-gnu/12/../../../../x86_64-linux-gnu/include"
#include "..." search starts here:
#include <...> search starts here:
 /usr/lib/gcc/x86_64-linux-gnu/12/include
 /usr/local/include
 /usr/include/x86_64-linux-gnu
 /usr/include
End of search list.
GNU C17 (Debian 12.2.0-14+deb12u1) version 12.2.0 (x86_64-linux-gnu)
	compiled by GNU C version 12.2.0, GMP version 6.2.1, MPFR version 4.2.0, MPC version 1.3.1, isl version isl-0.25-GMP

GGC heuristics: --param ggc-min-expand=100 --param ggc-min-heapsize=131072
Compiler executable checksum: df5cb71f7b1353aac39c2b59ae45fa4a
COLLECT_GCC_OPTIONS='-v' '-o' 'CMakeFiles/cmTC_5a9f8.dir/CMakeCCompilerABI.c.o' '-c' '-mtune=generic' '-march=x86-64' '-dumpdir' 'CMakeFiles/cmTC_5a9f8.dir/'
 as -v --64 -o CMakeFiles/cmTC_5a9f8.dir/CMakeCCompilerABI.c.o /tmp/ccrlyF1r.s
GNU assembler version 2.40 (x86_64-linux-gnu) using BFD version (GNU Binutils for Debian) 2.40
COMPILER_PATH=/usr/lib/gcc/x86_64-linux-gnu/12/:/usr/lib/gcc/x86_64-linux-gnu/12/:/usr/lib/gcc/x86_64-linux-gnu/:/usr/lib/gcc/x86_64-linux-gnu/12/:/usr/lib/gcc/x86_64-linux-gnu/
LIBRARY_PATH=/usr/lib/gcc/x86_64-linux-gnu/12/:/usr/lib/gcc/x86_64-linux-gnu/12/../../../x86_64-linux-gnu/:/usr/lib/gcc/x86_64-linux-gnu/12/../../../../lib/:/lib/x86_64-linux-gnu/:/lib/../lib/:/usr/lib/x86_64-linux-gnu/:/usr/lib/../lib/:/usr/lib/gcc/x86_64-linux-gnu/12/../../../:/lib/:/usr/lib/
COLLECT_GCC_OPTIONS='-v' '-o' 'CMakeFiles/cmTC_5a9f8.dir/CMakeCCompilerABI.c.o' '-c' '-mtune=generic' '-march=x86-64' '-dumpdir' 'CMakeFiles/cmTC_5a9f8.dir/CMakeCCompilerABI.c.'
Linking C executable cmTC_5a9f8
/usr/bin/cmake -E cmake_link_script CMakeFiles/cmTC_5a9f8.dir/link.txt --verbose=1
/usr/bin/cc  -v CMakeFiles/cmTC_5a9f8.dir/CMakeCCompilerABI.c.o -o cmTC_5a9f8 
Using built-in specs.
COLLECT_GCC=/usr/bin/cc
COLLECT_LTO_WRAPPER=/usr/lib/gcc/x86_64-linux-gnu/12/lto-wrapper
OFFLOAD_TARGET_NAMES=nvptx-none:amdgcn-amdhsa
OFFLOAD_TARGET_DEFAULT=1
Target: x86_64-linux-gnu
Configured with: ../src/configure -v --with-pkgversion='Debian 12.2.0-14+deb12u1' --with-bugurl=file:///usr/share/doc/gcc-12/README.Bugs --enable-languages=c,ada,c++,go,d,fortran,objc,obj-c++,m2 --prefix=/usr --with-gcc-major-version-only --program-suffix=-12 --program-prefix=x86_64-linux-gnu- --enable-shared --enable-linker-build-id --libexecdir=/usr/lib --without-included-gettext --enable-threads=posix --libdir=/usr/lib --enable-nls --enable-clocale=gnu --enable-libstdcxx-debug --enable-libstdcxx-time=yes --with-default-libstdcxx-abi=new --enable-gnu-unique-object --disable-vtable-verify --enable-plugin --enable-default-pie --with-system-zlib --enable-libphobos-checking=release --with-target-system-zlib=auto --enable-objc-gc=auto --enable-multiarch --disable-werror --enable-cet --with-arch-32=i686 --with-abi=m64 --with-multilib-list=m32,m64,mx32 --enable-multilib --with-tune=generic --enable-offload-targets=nvptx-none=/build/reproducible-path/gcc-12-12.2.0/debian/tmp-nvptx/usr,amdgcn-amdhsa=/build/reproducible-path/gcc-12-12.2.0/debian/tmp-gcn/usr --enable-offload-defaulted --without-cuda-driver --enable-checking=release --build=x86_64-linux-gnu --host=x86_64-linux-gnu --target=x86_64-linux-gnu
Thread model: posix
Supported LTO compression algorithms: zlib zstd
gcc version 12.2.0 (Debian 12.2.0-14+deb12u1) 
COMPILER_PATH=/usr/lib/gcc/x86_64-linux-gnu/12/:/usr/lib/gcc/x86_64-linux-gnu/12/:/usr/lib/gcc/x86_64-linux-gnu/:/usr/lib/gcc/x86_64-linux-gnu/12/:/usr/lib/gcc/x86_64-linux-gnu/
LIBRARY_PATH=/usr/lib/gcc/x86_64-linux-gnu/12/:/usr/lib/gcc/x86_64-linux-gnu/12/../../../x86_64-linux-gnu/:/usr/lib/gcc/x86_64-linux-gnu/12/../../../../lib/:/lib/x86_64-linux-gnu/:/lib/../lib/:/usr/lib/x86_64-linux-gnu/:/usr/lib/../lib/:/usr/lib/gcc/x86_64-linux-gnu/12/../../../:/lib/:/usr/lib/
COLLECT_GCC_OPTIONS='-v' '-o' 'cmTC_5a9f8' '-mtune=generic' '-march=x86-64' '-dumpdir' 'cmTC_5a9f8.'
 /usr/lib/gcc/x86_64-linux-gnu/12/collect2 -plugin /usr/lib/gcc/x86_64-linux-gnu/12/liblto_plugin.so -plugin-opt=/usr/lib/gcc/x86_64-linux-gnu/12/lto-wrapper -plugin-opt=-fresolution=/tmp/cc34D1Wu.res -plugin-opt=-pass-through=-lgcc -plugin-opt=-pass-through=-lgcc_s -plugin-opt=-pass-through=-lc -plugin-opt=-pass-through=-lgcc -plugin-opt=-pass-through=-lgcc_s --build-id --eh-frame-hdr -m elf_x86_64 --hash-style=gnu --as-needed -dynamic-linker /lib64/ld-linux-x86-64.so.2 -pie -o cmTC_5a9f8 /usr/lib/gcc/x86_64-linux-gnu/12/../../../x86_64-linux-gnu/Scrt1.o /usr/lib/gcc/x86_64-linux-gnu/12/../../../x86_64-linux-gnu/crti.o /usr/lib/gcc/x86_64-linux-gnu/12/crtbeginS.o -L/usr/lib/gcc/x86_64-linux-gnu/12 -L/usr/lib/gcc/x86_64-linux-gnu/12/../../../x86_64-linux-gnu -L/usr/lib/gcc/x86_64-linux-gnu/12/../../../../lib -L/lib/x86_64-linux-gnu -L/lib/../lib -L/usr/lib/x86_64-linux-gnu -L/usr/lib/../lib -L/usr/lib/gcc/x86_64-linux-gnu/12/../../.. CMakeFiles/cmTC_5a9f8.dir/CMakeCCompilerABI.c.o -lgcc --push-state --as-needed -lgcc_s --pop-state -lc -lgcc --push-state --as-needed -lgcc_s --pop-state /usr/lib/gcc/x86_64-linux-gnu/12/crtendS.o /usr/lib/gcc/x86_64-linux-gnu/12/../../../x86_64-linux-gnu/crtn.o
COLLECT_GCC_OPTIONS='-v' '-o' 'cmTC_5a9f8' '-mtune=generic' '-march=x86-64' '-dumpdir' 'cmTC_5a9f8.'
gmake[1]: Leaving directory '/workspace/build/CMakeFiles/CMakeScratch/TryCompile-wLC0qz'



Parsed C implicit include dir info from above output: rv=done
  found start of include info
  found start of implicit include info
    add: [/usr/lib/gcc/x86_64-linux-gnu/12/include]
    add: [/usr/local/include]
    add: [/usr/include/x86_64-linux-gnu]
    add: [/usr/include]
  end of search list found
  collapse include dir [/usr/lib/gcc/x86_64-linux-gnu/12/include] ==> [/usr/lib/gcc/x86_64-linux-gnu/12/include]
  collapse include dir [/usr/local/include] ==> [/usr/local/include]
  collapse include dir [/usr/include/x86_64-linux-gnu] ==> [/usr/include/x86_64-linux-gnu]
  collapse include dir [/usr/include] ==> [/usr/include]
  implicit include dirs: [/usr/lib/gcc/x86_64-linux-gnu/12/include;/usr/local/include;/usr/include/x86_64-linux-gnu;/usr/include]


Parsed C implicit link information from above output:
  link line regex: [^( *|.*[/\])(ld|CMAKE_LINK_STARTFILE-NOTFOUND|([^/\]+-)?ld|collect2)[^/\]*( |$)]
  ignore line: [Change Dir: /workspace/build/CMakeFiles/CMakeScratch/TryCompile-wLC0qz]
  ignore line: []
  ignore line: [Run Build Command(s):/usr/bin/gmake -f Makefile cmTC_5a9f8/fast && /usr/bin/gmake  -f CMakeFiles/cmTC_5a9f8.dir/build.make CMakeFiles/cmTC_5a9f8.dir/build]
  ignore line: [gmake[1]: Entering directory '/workspace/build/CMakeFiles/CMakeScratch/TryCompile-wLC0qz']
  ignore line: [Building C object CMakeFiles/cmTC_5a9f8.dir/CMakeCCompilerABI.c.o]
  ignore line: [/usr/bin/cc   -v -o CMakeFiles/cmTC_5a9f8.dir/CMakeCCompilerABI.c.o -c /usr/share/cmake-3.25/Modules/CMakeCCompilerABI.c]
  ignore line: [Using built-in specs.]
  ignore line: [COLLECT_GCC=/usr/bin/cc]
  ignore line: [OFFLOAD_TARGET_NAMES=nvptx-none:amdgcn-amdhsa]
  ignore line: [OFFLOAD_TARGET_DEFAULT=1]
  ignore line: [Target: x86_64-linux-gnu]
  ignore line: [Configured with: ../src/configure -v --with-pkgversion='Debian 12.2.0-14+deb12u1' --with-bugurl=file:///usr/share/doc/gcc-12/README.Bugs --enable-languages=c ada c++ go d fortran objc obj-c++ m2 --prefix=/usr --with-gcc-major-version-only --program-suffix=-12 --program-prefix=x86_64-linux-gnu- --enable-shared --enable-linker-build-id --libexecdir=/usr/lib --without-included-gettext --enable-threads=posix --libdir=/usr/lib --enable-nls --enable-clocale=gnu --enable-libstdcxx-debug --enable-libstdcxx-time=yes --with-default-libstdcxx-abi=new --enable-gnu-unique-object --disable-vtable-verify --enable-plugin --enable-default-pie --with-system-zlib --enable-libphobos-checking=release --with-target-system-zlib=auto --enable-objc-gc=auto --enable-multiarch --disable-werror --enable-cet --with-arch-32=i686 --with-abi=m64 --with-multilib-list=m32 m64 mx32 --enable-multilib --with-tune=generic --enable-offload-targets=nvptx-none=/build/reproducible-path/gcc-12-12.2.0/debian/tmp-nvptx/usr amdgcn-amdhsa=/build/reproducible-path/gcc-12-12.2.0/debian/tmp-gcn/usr --enable-offload-defaulted --without-cuda-driver --enable-checking=release --build=x86_64-linux-gnu --host=x86_64-linux-gnu --target=x86_64-linux-gnu]
  ignore line: [Thread model: posix]
  ignore line: [Supported LTO compression algorithms: zlib zstd]
  ignore line: [gcc version 12.2.0 (Debian 12.2.0-14+deb12u1) ]
  ignore line: [COLLECT_GCC_OPTIONS='-v' '-o' 'CMakeFiles/cmTC_5a9f8.dir/CMakeCCompilerABI.c.o' '-c' '-mtune=generic' '-march=x86-64' '-dumpdir' 'CMakeFiles/cmTC_5a9f8.dir/']
  ignore line: [ /usr/lib/gcc/x86_64-linux-gnu/12/cc1 -quiet -v -imultiarch x86_64-linux-gnu /usr/share/cmake-3.25/Modules/CMakeCCompilerABI.c -quiet -dumpdir CMakeFiles/cmTC_5a9f8.dir/ -dumpbase CMakeCCompilerABI.c.c -dumpbase-ext .c -mtune=generic -march=x86-64 -version -fasynchronous-unwind-tables -o /tmp/ccrlyF1r.s]
  ignore line: [GNU C17 (Debian 12.2.0-14+deb12u1) version 12.2.0 (x86_64-linux-gnu)]
  ignore line: [	compiled by GNU C version 12.2.0  GMP version 6.2.1  MPFR version 4.2.0  MPC version 1.3.1  isl version isl-0.25-GMP]
  ignore line: []
  ignore line: [GGC heuristics: --param ggc-min-expand=100 --param ggc-min-heapsize=131072]
  ignore line: [ignoring nonexistent directory "/usr/local/include/x86_64-linux-gnu"]
  ignore line: [ignoring nonexistent directory "/usr/lib/gcc/x86_64-linux-gnu/12/include-fixed"]
  ignore line: [ignoring nonexistent directory "/usr/lib/gcc/x86_64-linux-gnu/12/../../../../x86_64-linux-gnu/include"]
  ignore line: [#include "..." search starts here:]
  ignore line: [#include <...> search starts here:]
  ignore line: [ /usr/lib/gcc/x86_64-linux-gnu/12/include]
  ignore line: [ /usr/local/include]
  ignore line: [ /usr/include/x86_64-linux-gnu]
  ignore line: [ /usr/include]
  ignore line: [End of search list.]
  ignore line: [GNU C17 (Debian 12.2.0-14+deb12u1) version 12.2.0 (x86_64-linux-gnu)]
  ignore line: [	compiled by GNU C version 12.2.0  GMP version 6.2.1  MPFR version 4.2.0  MPC version 1.3.1  isl version isl-0.25-GMP]
  ignore line: []
  ignore line: [GGC heuristics: --param ggc-min-expand=100 --param ggc-min-heapsize=131072]
  ignore line: [Compiler executable checksum: df5cb71f7b1353aac39c2b59ae45fa4a]
  ignore line: [COLLECT_GCC_OPTIONS='-v' '-o' 'CMakeFiles/cmTC_5a9f8.dir/CMakeCCompilerABI.c.o' '-c' '-mtune=generic' '-march=x86-64' '-dumpdir' 'CMakeFiles/cmTC_5a9f8.dir/']
  ignore line: [ as -v --64 -o CMakeFiles/cmTC_5a9f8.dir/CMakeCCompilerABI.c.o /tmp/ccrlyF1r.s]
  ignore line: [GNU assembler version 2.40 (x86_64-linux-gnu) using BFD version (GNU Binutils for Debian) 2.40]
  ignore line: [COMPILER_PATH=/usr/lib/gcc/x86_64-linux-gnu/12/:/usr/lib/gcc/x86_64-linux-gnu/12/:/usr/lib/gcc/x86_64-linux-gnu/:/usr/lib/gcc/x86_64-linux-gnu/12/:/usr/lib/gcc/x86_64-linux-gnu/]
  ignore line: [LIBRARY_PATH=/usr/lib/gcc/x86_64-linux-gnu/12/:/usr/lib/gcc/x86_64-linux-gnu/12/../../../x86_64-linux-gnu/:/usr/lib/gcc/x86_64-linux-gnu/12/../../../../lib/:/lib/x86_64-linux-gnu/:/lib/../lib/:/usr/lib/x86_64-linux-gnu/:/usr/lib/../lib/:/usr/lib/gcc/x86_64-linux-gnu/12/../../../:/lib/:/usr/lib/]
  ignore line: [COLLECT_GCC_OPTIONS='-v' '-o' 'CMakeFiles/cmTC_5a9f8.dir/CMakeCCompilerABI.c.o' '-c' '-mtune=generic' '-march=x86-64' '-dumpdir' 'CMakeFiles/cmTC_5a9f8.dir/CMakeCCompilerABI.c.']
  ignore line: [Linking C executable cmTC_5a9f8]
  ignore line: [/usr/bin/cmake -E cmake_link_script CMakeFiles/cmTC_5a9f8.dir/link.txt --verbose=1]
  ignore line: [/usr/bin/cc  -v CMakeFiles/cmTC_5a9f8.dir/CMakeCCompilerABI.c.o -o cmTC_5a9f8 ]
  ignore line: [Using built-in specs.]
  ignore line: [COLLECT_GCC=/usr/bin/cc]
  ignore line: [COLLECT_LTO_WRAPPER=/usr/lib/gcc/x86_64-linux-gnu/12/lto-wrapper]
  ignore line: [OFFLOAD_TARGET_NAMES=nvptx-none:amdgcn-amdhsa]
  ignore line: [OFFLOAD_TARGET_DEFAULT=1]
  ignore line: [Target: x86_64-linux-gnu]
  ignore line: [Configured with: ../src/configure -v --with-pkgversion='Debian 12.2.0-14+deb12u1' --with-bugurl=file:///usr/share/doc/gcc-12/README.Bugs --enable-languages=c ada c++ go d fortran objc obj-c++ m2 --prefix=/usr --with-gcc-major-version-only --program-suffix=-12 --program-prefix=x86_64-linux-gnu- --enable-shared --enable-linker-build-id --libexecdir=/usr/lib --without-included-gettext --enable-threads=posix --libdir=/usr/lib --enable-nls --enable-clocale=gnu --enable-libstdcxx-debug --enable-libstdcxx-time=yes --with-default-libstdcxx-abi=new --enable-gnu-unique-object --disable-vtable-verify --enable-plugin --enable-default-pie --with-system-zlib --enable-libphobos-checking=release --with-target-system-zlib=auto --enable-objc-gc=auto --enable-multiarch --disable-werror --enable-cet --with-arch-32=i686 --with-abi=m64 --with-multilib-list=m32 m64 mx32 --enable-multilib --with-tune=generic --enable-offload-targets=nvptx-none=/build/reproducible-path/gcc-12-12.2.0/debian/tmp-nvptx/usr amdgcn-amdhsa=/build/reproducible-path/gcc-12-12.2.0/debian/tmp-gcn/usr --enable-offload-defaulted --without-cuda-driver --enable-checking=release --build=x86_64-linux-gnu --host=x86_64-linux-gnu --target=x86_64-linux-gnu]
  ignore line: [Thread model: posix]
  ignore line: [Supported LTO compression algorithms: zlib zstd]
  ignore line: [gcc version 12.2.0 (Debian 12.2.0-14+deb12u1) ]
  ignore line: [COMPILER_PATH=/usr/lib/gcc/x86_64-linux-gnu/12/:/usr/lib/gcc/x86_64-linux-gnu/12/:/usr/lib/gcc/x86_64-linux-gnu/:/usr/lib/gcc/x86_64-linux-gnu/12/:/usr/lib/gcc/x86_64-linux-gnu/]
  ignore line: [LIBRARY_PATH=/usr/lib/gcc/x86_64-linux-gnu/12/:/usr/lib/gcc/x86_64-linux-gnu/12/../../../x86_64-linux-gnu/:/usr/lib/gcc/x86_64-linux-gnu/12/../../../../lib/:/lib/x86_64-linux-gnu/:/lib/../lib/:/usr/lib/x86_64-linux-gnu/:/usr/lib/../lib/:/usr/lib/gcc/x86_64-linux-gnu/12/../../../:/lib/:/usr/lib/]
  ignore line: [COLLECT_GCC_OPTIONS='-v' '-o' 'cmTC_5a9f8' '-mtune=generic' '-march=x86-64' '-dumpdir' 'cmTC_5a9f8.']
  link line: [ /usr/lib/gcc/x86_64-linux-gnu/12/collect2 -plugin /usr/lib/gcc/x86_64-linux-gnu/12/liblto_plugin.so -plugin-opt=/usr/lib/gcc/x86_64-linux-gnu/12/lto-wrapper -plugin-opt=-fresolution=/tmp/cc34D1Wu.res -plugin-opt=-pass-through=-lgcc -plugin-opt=-pass-through=-lgcc_s -plugin-opt=-pass-through=-lc -plugin-opt=-pass-through=-lgcc -plugin-opt=-pass-through=-lgcc_s --build-id --eh-frame-hdr -m elf_x86_64 --hash-style=gnu --as-needed -dynamic-linker /lib64/ld-linux-x86-64.so.2 -pie -o cmTC_5a9f8 /usr/lib/gcc/x86_64-linux-gnu/12/../../../x86_64-linux-gnu/Scrt1.o /usr/lib/gcc/x86_64-linux-gnu/12/../../../x86_64-linux-gnu/crti.o /usr/lib/gcc/x86_64-linux-gnu/12/crtbeginS.o -L/usr/lib/gcc/x86_64-linux-gnu/12 -L/usr/lib/gcc/x86_64-linux-gnu/12/../../../x86_64-linux-gnu -L/usr/lib/gcc/x86_64-linux-gnu/12/../../../../lib -L/lib/x86_64-linux-gnu -L/lib/../lib -L/usr/lib/x86_64-linux-gnu -L/usr/lib/../lib -L/usr/lib/gcc/x86_64-linux-gnu/12/../../.. CMakeFiles/cmTC_5a9f8.dir/CMakeCCompilerABI.c.o -lgcc --push-state --as-needed -lgcc_s --pop-state -lc -lgcc --push-state --as-needed -lgcc_s --pop-state /usr/lib/gcc/x86_64-linux-gnu/12/crtendS.o /usr/lib/gcc/x86_64-linux-gnu/12/../../../x86_64-linux-gnu/crtn.o]
    arg [/usr/lib/gcc/x86_64-linux-gnu/12/collect2] ==> ignore
    arg [-plugin] ==> ignore
    arg [/usr/lib/gcc/x86_64-linux-gnu/12/liblto_plugin.so] ==> ignore
    arg [-plugin-opt=/usr/lib/gcc/x86_64-linux-gnu/12/lto-wrapper] ==> ignore
    arg [-plugin-opt=-fresolution=/tmp/cc34D1Wu.res] ==> ignore
    arg [-plugin-opt=-pass-through=-lgcc] ==> ignore
    arg [-plugin-opt=-pass-through=-lgcc_s] ==> ignore
    arg [-plugin-opt=-pass-through=-lc] ==> ignore
    arg [-plugin-opt=-pass-through=-lgcc] ==> ignore
    arg [-plugin-opt=-pass-through=-lgcc_s] ==> ignore
    arg [--build-id] ==> ignore
    arg [--eh-frame-hdr] ==> ignore
    arg [-m] ==> ignore
    arg [elf_x86_64] ==> ignore
    arg [--hash-style=gnu] ==> ignore
    arg [--as-needed] ==> ignore
    arg [-dynamic-linker] ==> ignore
    arg [/lib64/ld-linux-x86-64.so.2] ==> ignore
    arg [-pie] ==> ignore
    arg [-o] ==> ignore
    arg [cmTC_5a9f8] ==> ignore
    arg [/usr/lib/gcc/x86_64-linux-gnu/12/../../../x86_64-linux-gnu/Scrt1.o] ==> obj [/usr/lib/gcc/x86_64-linux-gnu/12/../../../x86_64-linux-gnu/Scrt1.o]
    arg [/usr/lib/gcc/x86_64-linux-gnu/12/../../../x86_64-linux-gnu/crti.o] ==> obj [/usr/lib/gcc/x86_64-linux-gnu/12/../../../x86_64-linux-gnu/crti.o]
    arg [/usr/lib/gcc/x86_64-linux-gnu/12/crtbeginS.o] ==> obj [/usr/lib/gcc/x86_64-linux-gnu/12/crtbeginS.o]
    arg [-L/usr/lib/gcc/x86_64-linux-gnu/12] ==> dir [/usr/lib/gcc/x86_64-linux-gnu/12]
    arg [-L/usr/lib/gcc/x86_64-linux-gnu/12/../../../x86_64-linux-gnu] ==> dir [/usr/lib/gcc/x86_64-linux-gnu/12/../../../x86_64-linux-gnu]
    arg [-L/usr/lib/gcc/x86_64-linux-gnu/12/../../../../lib] ==> dir [/usr/lib/gcc/x86_64-linux-gnu/12/../../../../lib]
    arg [-L/lib/x86_64-linux-gnu] ==> dir [/lib/x86_64-linux-gnu]
    arg [-L/lib/../lib] ==> dir [/lib/../lib]
    arg [-L/usr/lib/x86_64-linux-gnu] ==> dir [/usr/lib/x86_64-linux-gnu]
    arg [-L/usr/lib/../lib] ==> dir [/usr/lib/../lib]
    arg [-L/usr/lib/gcc/x86_64-linux-gnu/12/../../..] ==> dir [/usr/lib/gcc/x86_64-linux-gnu/12/../../..]
    arg [CMakeFiles/cmTC_5a9f8.dir/CMakeCCompilerABI.c.o] ==> ignore
    arg [-lgcc] ==> lib [gcc]
    arg [--push-state] ==> ignore
    arg [--as-needed] ==> ignore
    arg [-lgcc_s] ==> lib [gcc_s]
    arg [--pop-state] ==> ignore
    arg [-lc] ==> lib [c]
    arg [-lgcc] ==> lib [gcc]
    arg [--push-state] ==> ignore
    arg [--as-needed] ==> ignore
    arg [-lgcc_s] ==> lib [gcc_s]
    arg [--pop-state] ==> ignore
    arg [/usr/lib/gcc/x86_64-linux-gnu/12/crtendS.o] ==> obj [/usr/lib/gcc/x86_64-linux-gnu/12/crtendS.o]
    arg [/usr/lib/gcc/x86_64-linux-gnu/12/../../../x86_64-linux-gnu/crtn.o] ==> obj [/usr/lib/gcc/x86_64-linux-gnu/12/../../../x86_64-linux-gnu/crtn.o]
  collapse obj [/usr/lib/gcc/x86_64-linux-gnu/12/../../../x86_64-linux-gnu/Scrt1.o] ==> [/usr/lib/x86_64-linux-gnu/Scrt1.o]
  collapse obj [/usr/lib/gcc/x86_64-linux-gnu/12/../../../x86_64-linux-gnu/crti.o] ==> [/usr/lib/x86_64-linux-gnu/crti.o]
  collapse obj [/usr/lib/gcc/x86_64-linux-gnu/12/../../../x86_64-linux-gnu/crtn.o] ==> [/usr/lib/x86_64-linux-gnu/crtn.o]
  collapse library dir [/usr/lib/gcc/x86_64-linux-gnu/12] ==> [/usr/lib/gcc/x86_64-linux-gnu/12]
  collapse library dir [/usr/lib/gcc/x86_64-linux-gnu/12/../../../x86_64-linux-gnu] ==> [/usr/lib/x86_64-linux-gnu]
  collapse library dir [/usr/lib/gcc/x86_64-linux-gnu/12/../../../../lib] ==> [/usr/lib]
  collapse library dir [/lib/x86_64-linux-gnu] ==> [/lib/x86_64-linux-gnu]
  collapse library dir [/lib/../lib] ==> [/lib]
  collapse library dir [/usr/lib/x86_64-linux-gnu] ==> [/usr/lib/x86_64-linux-gnu]
  collapse library dir [/usr/lib/../lib] ==> [/usr/lib]
  collapse library dir [/usr/lib/gcc/x86_64-linux-gnu/12/../../..] ==> [/usr/lib]
  implicit libs: [gcc;gcc_s;c;gcc;gcc_s]
  implicit objs: [/usr/lib/x86_64-linux-gnu/Scrt1.o;/usr/lib/x86_64-linux-gnu/crti.o;/usr/lib/gcc/x86_64-linux-gnu/12/crtbeginS.o;/usr/lib/gcc/x86_64-linux-gnu/12/crtendS.o;/usr/lib/x86_64-linux-gnu/crtn.o]
  implicit dirs: [/usr/lib/gcc/x86_64-linux-gnu/12;/usr/lib/x86_64-linux-gnu;/usr/lib;/lib/x86_64-linux-gnu;/lib]
  implicit fwks: []


Detecting CXX compiler ABI info compiled with the following output:
Change Dir: /workspace/build/CMakeFiles/CMakeScratch/TryCompile-dw3cxo

Run Build Command(s):/usr/bin/gmake -f Makefile cmTC_9f18d/fast && /usr/bin/gmake  -f CMakeFiles/cmTC_9f18d.dir/build.make CMakeFiles/cmTC_9f18d.dir/build
gmake[1]: Entering directory '/workspace/build/CMakeFiles/CMakeScratch/TryCompile-dw3cxo'
Building CXX object CMakeFiles/cmTC_9f18d.dir/CMakeCXXCompilerABI.cpp.o
/usr/bin/c++   -v -o CMakeFiles/cmTC_9f18d.dir/CMakeCXXCompilerABI.cpp.o -c /usr/share/cmake-3.25/Modules/CMakeCXXCompilerABI.cpp
Using built-in specs.
COLLECT_GCC=/usr/bin/c++
OFFLOAD_TARGET_NAMES=nvptx-none:amdgcn-amdhsa
OFFLOAD_TARGET_DEFAULT=1
Target: x86_64-linux-gnu
Configured with: ../src/configure -v --with-pkgversion='Debian 12.2.0-14+deb12u1' --with-bugurl=file:///usr/share/doc/gcc-12/README.Bugs --enable-languages=c,ada,c++,go,d,fortran,objc,obj-c++,m2 --prefix=/usr --with-gcc-major-version-only --program-suffix=-12 --program-prefix=x86_64-linux-gnu- --enable-shared --enable-linker-build-id --libexecdir=/usr/lib --without-included-gettext --enable-threads=posix --libdir=/usr/lib --enable-nls --enable-clocale=gnu --enable-libstdcxx-debug --enable-libstdcxx-time=yes --with-default-libstdcxx-abi=new --enable-gnu-unique-object --disable-vtable-verify --enable-plugin --enable-default-pie --with-system-zlib --enable-libphobos-checking=release --with-target-system-zlib=auto --enable-objc-gc=auto --enable-multiarch --disable-werror --enable-cet --with-arch-32=i686 --with-abi=m64 --with-multilib-list=m32,m64,mx32 --enable-multilib --with-tune=generic --enable-offload-targets=nvptx-none=/build/reproducible-path/gcc-12-12.2.0/debian/tmp-nvptx/usr,amdgcn-amdhsa=/build/reproducible-path/gcc-12-12.2.0/debian/tmp-gcn/usr --enable-offload-defaulted --without-cuda-driver --enable-checking=release --build=x86_64-linux-gnu --host=x86_64-linux-gnu --target=x86_64-linux-gnu
Thread model: posix
Supported LTO compression algorithms: zlib zstd
gcc version 12.2.0 (Debian 12.2.0-14+deb12u1) 
COLLECT_GCC_OPTIONS='-v' '-o' 'CMakeFiles/cmTC_9f18d.dir/CMakeCXXCompilerABI.cpp.o' '-c' '-shared-libgcc' '-mtune=generic' '-march=x86-64' '-dumpdir' 'CMakeFiles/cmTC_9f18d.dir/'
 /usr/lib/gcc/x86_64-linux-gnu/12/cc1plus -quiet -v -imultiarch x86_64-linux-gnu -D_GNU_SOURCE /usr/share/cmake-3.25/Modules/CMakeCXXCompilerABI.cpp -quiet -dumpdir CMakeFiles/cmTC_9f18d.dir/ -dumpbase CMakeCXXCompilerABI.cpp.cpp -dumpbase-ext .cpp -mtune=generic -march=x86-64 -version -fasynchronous-unwind-tables -o /tmp/ccOziu8i.s
GNU C++17 (Debian 12.2.0-14+deb12u1) version 12.2.0 (x86_64-linux-gnu)
	compiled by GNU C version 12.2.0, GMP version 6.2.1, MPFR version 4.2.0, MPC version 1.3.1, isl version isl-0.25-GMP

GGC heuristics: --param ggc-min-expand=100 --param ggc-min-heapsize=131072
ignoring duplicate directory "/usr/include/x86_64-linux-gnu/c++/12"
ignoring nonexistent directory "/usr/local/include/x86_64-linux-gnu"
ignoring nonexistent directory "/usr/lib/gcc/x86_64-linux-gnu/12/include-fixed"
ignoring nonexistent directory "/usr/lib/gcc/x86_64-linux-gnu/12/../../../../x86_64-linux-gnu/include"
#include "..." search starts here:
#include <...> search starts here:
 /usr/include/c++/12
 /usr/include/x86_64-linux-gnu/c++/12
 /usr/include/c++/12/backward
 /usr/lib/gcc/x86_64-linux-gnu/12/include
 /usr/local/include
 /usr/include/x86_64-linux-gnu
 /usr/include
End of search list.
GNU C++17 (Debian 12.2.0-14+deb12u1) version 12.2.0 (x86_64-linux-gnu)
	compiled by GNU C version 12.2.0, GMP version 6.2.1, MPFR version 4.2.0, MPC version 1.3.1, isl version isl-0.25-GMP

GGC heuristics: --param ggc-min-expand=100 --param ggc-min-heapsize=131072
Compiler executable checksum: 18a4c0b3348b838f5ec9d956298050ac
COLLECT_GCC_OPTIONS='-v' '-o' 'CMakeFiles/cmTC_9f18d.dir/CMakeCXXCompilerABI.cpp.o' '-c' '-shared-libgcc' '-mtune=generic' '-march=x86-64' '-dumpdir' 'CMakeFiles/cmTC_9f18d.dir/'
 as -v --64 -o CMakeFiles/cmTC_9f18d.dir/CMakeCXXCompilerABI.cpp.o /tmp/ccOziu8i.s
GNU assembler version 2.40 (x86_64-linux-gnu) using BFD version (GNU Binutils for Debian) 2.40
COMPILER_PATH=/usr/lib/gcc/x86_64-linux-gnu/12/:/usr/lib/gcc/x86_64-linux-gnu/12/:/usr/lib/gcc/x86_64-linux-gnu/:/usr/lib/gcc/x86_64-linux-gnu/12/:/usr/lib/gcc/x86_64-linux-gnu/
LIBRARY_PATH=/usr/lib/gcc/x86_64-linux-gnu/12/:/usr/lib/gcc/x86_64-linux-gnu/12/../../../x86_64-linux-gnu/:/usr/lib/gcc/x86_64-linux-gnu/12/../../../../lib/:/lib/x86_64-linux-gnu/:/lib/../lib/:/usr/lib/x86_64-linux-gnu/:/usr/lib/../lib/:/usr/lib/gcc/x86_64-linux-gnu/12/../../../:/lib/:/usr/lib/
COLLECT_GCC_OPTIONS='-v' '-o' 'CMakeFiles/cmTC_9f18d.dir/CMakeCXXCompilerABI.cpp.o' '-c' '-shared-libgcc' '-mtune=generic' '-march=x86-64' '-dumpdir' 'CMakeFiles/cmTC_9f18d.dir/CMakeCXXCompilerABI.cpp.'
Linking CXX executable cmTC_9f18d
/usr/bin/cmake -E cmake_link_script CMakeFiles/cmTC_9f18d.dir/link.txt --verbose=1
/usr/bin/c++  -v CMakeFiles/cmTC_9f18d.dir/CMakeCXXCompilerABI.cpp.o -o cmTC_9f18d 
Using built-in specs.
COLLECT_GCC=/usr/bin/c++
COLLECT_LTO_WRAPPER=/usr/lib/gcc/x86_64-linux-gnu/12/lto-wrapper
OFFLOAD_TARGET_NAMES=nvptx-none:amdgcn-amdhsa
OFFLOAD_TARGET_DEFAULT=1
Target: x86_64-linux-gnu
Configured with: ../src/configure -v --with-pkgversion='Debian 12.2.0-14+deb12u1' --with-bugurl=file:///usr/share/doc/gcc-12/README.Bugs --enable-languages=c,ada,c++,go,d,fortran,objc,obj-c++,m2 --prefix=/usr --with-gcc-major-version-only --program-suffix=-12 --program-prefix=x86_64-linux-gnu- --enable-shared --enable-linker-build-id --libexecdir=/usr/lib --without-included-gettext --enable-threads=posix --libdir=/usr/lib --enable-nls --enable-clocale=gnu --enable-libstdcxx-debug --enable-libstdcxx-time=yes --with-default-libstdcxx-abi=new --enable-gnu-unique-object --disable-vtable-verify --enable-plugin --enable-default-pie --with-system-zlib --enable-libphobos-checking=release --with-target-system-zlib=auto --enable-objc-gc=auto --enable-multiarch --disable-werror --enable-cet --with-arch-32=i686 --with-abi=m64 --with-multilib-list=m32,m64,mx32 --enable-multilib --with-tune=generic --enable-offload-targets=nvptx-none=/build/reproducible-path/gcc-12-12.2.0/debian/tmp-nvptx/usr,amdgcn-amdhsa=/build/reproducible-path/gcc-12-12.2.0/debian/tmp-gcn/usr --enable-offload-defaulted --without-cuda-driver --enable-checking=release --build=x86_64-linux-gnu --host=x86_64-linux-gnu --target=x86_64-linux-gnu
Thread model: posix
Supported LTO compression algorithms: zlib zstd
gcc version 12.2.0 (Debian 12.2.0-14+deb12u1) 
COMPILER_PATH=/usr/lib/gcc/x86_64-linux-gnu/12/:/usr/lib/gcc/x86_64-linux-gnu/12/:/usr/lib/gcc/x86_64-linux-gnu/:/usr/lib/gcc/x86_64-linux-gnu/12/:/usr/lib/gcc/x86_64-linux-gnu/
LIBRARY_PATH=/usr/lib/gcc/x86_64-linux-gnu/12/:/usr/lib/gcc/x86_64-linux-gnu/12/../../../x86_64-linux-gnu/:/usr/lib/gcc/x86_64-linux-gnu/12/../../../../lib/:/lib/x86_64-linux-gnu/:/lib/../lib/:/usr/lib/x86_64-linux-gnu/:/usr/lib/../lib/:/usr/lib/gcc/x86_64-linux-gnu/12/../../../:/lib/:/usr/lib/
COLLECT_GCC_OPTIONS='-v' '-o' 'cmTC_9f18d' '-shared-libgcc' '-mtune=generic' '-march=x86-64' '-dumpdir' 'cmTC_9f18d.'
 /usr/lib/gcc/x86_64-linux-gnu/12/collect2 -plugin /usr/lib/gcc/x86_64-linux-gnu/12/liblto_plugin.so -plugin-opt=/usr/lib/gcc/x86_64-linux-gnu/12/lto-wrapper -plugin-opt=-fresolution=/tmp/ccvyR9NW.res -plugin-opt=-pass-through=-lgcc_s -plugin-opt=-pass-through=-lgcc -plugin-opt=-pass-through=-lc -plugin-opt=-pass-through=-lgcc_s -plugin-opt=-pass-through=-lgcc --build-id --eh-frame-hdr -m elf_x86_64 --hash-style=gnu --as-needed -dynamic-linker /lib64/ld-linux-x86-64.so.2 -pie -o cmTC_9f18d /usr/lib/gcc/x86_64-linux-gnu/12/../../../x86_64-linux-gnu/Scrt1.o /usr/lib/gcc/x86_64-linux-gnu/12/../../../x86_64-linux-gnu/crti.o /usr/lib/gcc/x86_64-linux-gnu/12/crtbeginS.o -L/usr/lib/gcc/x86_64-linux-gnu/12 -L/usr/lib/gcc/x86_64-linux-gnu/12/../../../x86_64-linux-gnu -L/usr/lib/gcc/x86_64-linux-gnu/12/../../../../lib -L/lib/x86_64-linux-gnu -L/lib/../lib -L/usr/lib/x86_64-linux-gnu -L/usr/lib/../lib -L/usr/lib/gcc/x86_64-linux-gnu/12/../../.. CMakeFiles/cmTC_9f18d.dir/CMakeCXXCompilerABI.cpp.o -lstdc++ -lm -lgcc_s -lgcc -lc -lgcc_s -lgcc /usr/lib/gcc/x86_64-linux-gnu/12/crtendS.o /usr/lib/gcc/x86_64-linux-gnu/12/../../../x86_64-linux-gnu/crtn.o
COLLECT_GCC_OPTIONS='-v' '-o' 'cmTC_9f18d' '-shared-libgcc' '-mtune=generic' '-march=x86-64' '-dumpdir' 'cmTC_9f18d.'
gmake[1]: Leaving directory '/workspace/build/CMakeFiles/CMakeScratch/TryCompile-dw3cxo'



Parsed CXX implicit include dir info from above output: rv=done
  found start of include info
  found start of implicit include info
    add: [/usr/include/c++/12]
    add: [/usr/include/x86_64-linux-gnu/c++/12]
    add: [/usr/include/c++/12/backward]
    add: [/usr/lib/gcc/x86_64-linux-gnu/12/include]
    add: [/usr/local/include]
    add: [/usr/include/x86_64-linux-gnu]
    add: [/usr/include]
  end of search list found
  collapse include dir [/usr/include/c++/12] ==> [/usr/include/c++/12]
  collapse include dir [/usr/include/x86_64-linux-gnu/c++/12] ==> [/usr/include/x86_64-linux-gnu/c++/12]
  collapse include dir [/usr/include/c++/12/backward] ==> [/usr/include/c++/12/backward]
  collapse include dir [/usr/lib/gcc/x86_64-linux-gnu/12/include] ==> [/usr/lib/gcc/x86_64-linux-gnu/12/include]
  collapse include dir [/usr/local/include] ==> [/usr/local/include]
  collapse include dir [/usr/include/x86_64-linux-gnu] ==> [/usr/include/x86_64-linux-gnu]
  collapse include dir [/usr/include] ==> [/usr/include]
  implicit include dirs: [/usr/include/c++/12;/usr/include/x86_64-linux-gnu/c++/12;/usr/include/c++/12/backward;/usr/lib/gcc/x86_64-linux-gnu/12/include;/usr/local/include;/usr/include/x86_64-linux-gnu;/usr/include]


Parsed CXX implicit link information from above output:
  link line regex: [^( *|.*[/\])(ld|CMAKE_LINK_STARTFILE-NOTFOUND|([^/\]+-)?ld|collect2)[^/\]*( |$)]
  ignore line: [Change Dir: /workspace/build/CMakeFiles/CMakeScratch/TryCompile-dw3cxo]
  ignore line: []
  ignore line: [Run Build Command(s):/usr/bin/gmake -f Makefile cmTC_9f18d/fast && /usr/bin/gmake  -f CMakeFiles/cmTC_9f18d.dir/build.make CMakeFiles/cmTC_9f18d.dir/build]
  ignore line: [gmake[1]: Entering directory '/workspace/build/CMakeFiles/CMakeScratch/TryCompile-dw3cxo']
  ignore line: [Building CXX object CMakeFiles/cmTC_9f18d.dir/CMakeCXXCompilerABI.cpp.o]
  ignore line: [/usr/bin/c++   -v -o CMakeFiles/cmTC_9f18d.dir/CMakeCXXCompilerABI.cpp.o -c /usr/share/cmake-3.25/Modules/CMakeCXXCompilerABI.cpp]
  ignore line: [Using built-in specs.]
  ignore line: [COLLECT_GCC=/usr/bin/c++]
  ignore line: [OFFLOAD_TARGET_NAMES=nvptx-none:amdgcn-amdhsa]
  ignore line: [OFFLOAD_TARGET_DEFAULT=1]
  ignore line: [Target: x86_64-linux-gnu]
  ignore line: [Configured with: ../src/configure -v --with-pkgversion='Debian 12.2.0-14+deb12u1' --with-bugurl=file:///usr/share/doc/gcc-12/README.Bugs --enable-languages=c ada c++ go d fortran objc obj-c++ m2 --prefix=/usr --with-gcc-major-version-only --program-suffix=-12 --program-prefix=x86_64-linux-gnu- --enable-shared --enable-linker-build-id --libexecdir=/usr/lib --without-included-gettext --enable-threads=posix --libdir=/usr/lib --enable-nls --enable-clocale=gnu --enable-libstdcxx-debug --enable-libstdcxx-time=yes --with-default-libstdcxx-abi=new --enable-gnu-unique-object --disable-vtable-verify --enable-plugin --enable-default-pie --with-system-zlib --enable-libphobos-checking=release --with-target-system-zlib=auto --enable-objc-gc=auto --enable-multiarch --disable-werror --enable-cet --with-arch-32=i686 --with-abi=m64 --with-multilib-list=m32 m64 mx32 --enable-multilib --with-tune=generic --enable-offload-targets=nvptx-none=/build/reproducible-path/gcc-12-12.2.0/debian/tmp-nvptx/usr amdgcn-amdhsa=/build/reproducible-path/gcc-12-12.2.0/debian/tmp-gcn/usr --enable-offload-defaulted --without-cuda-driver --enable-checking=release --build=x86_64-linux-gnu --host=x86_64-linux-gnu --target=x86_64-linux-gnu]
  ignore line: [Thread model: posix]
  ignore line: [Supported LTO compression algorithms: zlib zstd]
  ignore line: [gcc version 12.2.0 (Debian 12.2.0-14+deb12u1) ]
  ignore line: [COLLECT_GCC_OPTIONS='-v' '-o' 'CMakeFiles/cmTC_9f18d.dir/CMakeCXXCompilerABI.cpp.o' '-c' '-shared-libgcc' '-mtune=generic' '-march=x86-64' '-dumpdir' 'CMakeFiles/cmTC_9f18d.dir/']
  ignore line: [ /usr/lib/gcc/x86_64-linux-gnu/12/cc1plus -quiet -v -imultiarch x86_64-linux-gnu -D_GNU_SOURCE /usr/share/cmake-3.25/Modules/CMakeCXXCompilerABI.cpp -quiet -dumpdir CMakeFiles/cmTC_9f18d.dir/ -dumpbase CMakeCXXCompilerABI.cpp.cpp -dumpbase-ext .cpp -mtune=generic -march=x86-64 -version -fasynchronous-unwind-tables -o /tmp/ccOziu8i.s]
  ignore line: [GNU C++17 (Debian 12.2.0-14+deb12u1) version 12.2.0 (x86_64-linux-gnu)]
  ignore line: [	compiled by GNU C version 12.2.0  GMP version 6.2.1  MPFR version 4.2.0  MPC version 1.3.1  isl version isl-0.25-GMP]
  ignore line: []
  ignore line: [GGC heuristics: --param ggc-min-expand=100 --param ggc-min-heapsize=131072]
  ignore line: [ignoring duplicate directory "/usr/include/x86_64-linux-gnu/c++/12"]
  ignore line: [ignoring nonexistent directory "/usr/local/include/x86_64-linux-gnu"]
  ignore line: [ignoring nonexistent directory "/usr/lib/gcc/x86_64-linux-gnu/12/include-fixed"]
  ignore line: [ignoring nonexistent directory "/usr/lib/gcc/x86_64-linux-gnu/12/../../../../x86_64-linux-gnu/include"]
  ignore line: [#include "..." search starts here:]
  ignore line: [#include <...> search starts here:]
  ignore line: [ /usr/include/c++/12]
  ignore line: [ /usr/include/x86_64-linux-gnu/c++/12]
  ignore line: [ /usr/include/c++/12/backward]
  ignore line: [ /usr/lib/gcc/x86_64-linux-gnu/12/include]
  ignore line: [ /usr/local/include]
  ignore line: [ /usr/include/x86_64-linux-gnu]
  ignore line: [ /usr/include]
  ignore line: [End of search list.]
  ignore line: [GNU C++17 (Debian 12.2.0-14+deb12u1) version 12.2.0 (x86_64-linux-gnu)]
  ignore line: [	compiled by GNU C version 12.2.0  GMP version 6.2.1  MPFR version 4.2.0  MPC version 1.3.1  isl version isl-0.25-GMP]
  ignore line: []
  ignore line: [GGC heuristics: --param ggc-min-expand=100 --param ggc-min-heapsize=131072]
  ignore line: [Compiler executable checksum: 18a4c0b3348b838f5ec9d956298050ac]
  ignore line: [COLLECT_GCC_OPTIONS='-v' '-o' 'CMakeFiles/cmTC_9f18d.dir/CMakeCXXCompilerABI.cpp.o' '-c' '-shared-libgcc' '-mtune=generic' '-march=x86-64' '-dumpdir' 'CMakeFiles/cmTC_9f18d.dir/']
  ignore line: [ as -v --64 -o CMakeFiles/cmTC_9f18d.dir/CMakeCXXCompilerABI.cpp.o /tmp/ccOziu8i.s]
  ignore line: [GNU assembler version 2.40 (x86_64-linux-gnu) using BFD version (GNU Binutils for Debian) 2.40]
  ignore line: [COMPILER_PATH=/usr/lib/gcc/x86_64-linux-gnu/12/:/usr/lib/gcc/x86_64-linux-gnu/12/:/usr/lib/gcc/x86_64-linux-gnu/:/usr/lib/gcc/x86_64-linux-gnu/12/:/usr/lib/gcc/x86_64-linux-gnu/]
  ignore line: [LIBRARY_PATH=/usr/lib/gcc/x86_64-linux-gnu/12/:/usr/lib/gcc/x86_64-linux-gnu/12/../../../x86_64-linux-gnu/:/usr/lib/gcc/x86_64-linux-gnu/12/../../../../lib/:/lib/x86_64-linux-gnu/:/lib/../lib/:/usr/lib/x86_64-linux-gnu/:/usr/lib/../lib/:/usr/lib/gcc/x86_64-linux-gnu/12/../../../:/lib/:/usr/lib/]
  ignore line: [COLLECT_GCC_OPTIONS='-v' '-o' 'CMakeFiles/cmTC_9f18d.dir/CMakeCXXCompilerABI.cpp.o' '-c' '-shared-libgcc' '-mtune=generic' '-march=x86-64' '-dumpdir' 'CMakeFiles/cmTC_9f18d.dir/CMakeCXXCompilerABI.cpp.']
  ignore line: [Linking CXX executable cmTC_9f18d]
  ignore line: [/usr/bin/cmake -E cmake_link_script CMakeFiles/cmTC_9f18d.dir/link.txt --verbose=1]
  ignore line: [/usr/bin/c++  -v CMakeFiles/cmTC_9f18d.dir/CMakeCXXCompilerABI.cpp.o -o cmTC_9f18d ]
  ignore line: [Using built-in specs.]
  ignore line: [COLLECT_GCC=/usr/bin/c++]
  ignore line: [COLLECT_LTO_WRAPPER=/usr/lib/gcc/x86_64-linux-gnu/12/lto-wrapper]
  ignore line: [OFFLOAD_TARGET_NAMES=nvptx-none:amdgcn-amdhsa]
  ignore line: [OFFLOAD_TARGET_DEFAULT=1]
  ignore line: [Target: x86_64-linux-gnu]
  ignore line: [Configured with: ../src/configure -v --with-pkgversion='Debian 12.2.0-14+deb12u1' --with-bugurl=file:///usr/share/doc/gcc-12/README.Bugs --enable-languages=c ada c++ go d fortran objc obj-c++ m2 --prefix=/usr --with-gcc-major-version-only --program-suffix=-12 --program-prefix=x86_64-linux-gnu- --enable-shared --enable-linker-build-id --libexecdir=/usr/lib --without-included-gettext --enable-threads=posix --libdir=/usr/lib --enable-nls --enable-clocale=gnu --enable-libstdcxx-debug --enable-libstdcxx-time=yes --with-default-libstdcxx-abi=new --enable-gnu-unique-object --disable-vtable-verify --enable-plugin --enable-default-pie --with-system-zlib --enable-libphobos-checking=release --with-target-system-zlib=auto --enable-objc-gc=auto --enable-multiarch --disable-werror --enable-cet --with-arch-32=i686 --with-abi=m64 --with-multilib-list=m32 m64 mx32 --enable-multilib --with-tune=generic --enable-offload-targets=nvptx-none=/build/reproducible-path/gcc-12-12.2.0/debian/tmp-nvptx/usr amdgcn-amdhsa=/build/reproducible-path/gcc-12-12.2.0/debian/tmp-gcn/usr --enable-offload-defaulted --without-cuda-driver --enable-checking=release --build=x86_64-linux-gnu --host=x86_64-linux-gnu --target=x86_64-linux-gnu]
  ignore line: [Thread model: posix]
  ignore line: [Supported LTO compression algorithms: zlib zstd]
  ignore line: [gcc version 12.2.0 (Debian 12.2.0-14+deb12u1) ]
  ignore line: [COMPILER_PATH=/usr/lib/gcc/x86_64-linux-gnu/12/:/usr/lib/gcc/x86_64-linux-gnu/12/:/usr/lib/gcc/x86_64-linux-gnu/:/usr/lib/gcc/x86_64-linux-gnu/12/:/usr/lib/gcc/x86_64-linux-gnu/]
  ignore line: [LIBRARY_PATH=/usr/lib/gcc/x86_64-linux-gnu/12/:/usr/lib/gcc/x86_64-linux-gnu/12/../../../x86_64-linux-gnu/:/usr/lib/gcc/x86_64-linux-gnu/12/../../../../lib/:/lib/x86_64-linux-gnu/:/lib/../lib/:/usr/lib/x86_64-linux-gnu/:/usr/lib/../lib/:/usr/lib/gcc/x86_64-linux-gnu/12/../../../:/lib/:/usr/lib/]
  ignore line: [COLLECT_GCC_OPTIONS='-v' '-o' 'cmTC_9f18d' '-shared-libgcc' '-mtune=generic' '-march=x86-64' '-dumpdir' 'cmTC_9f18d.']
  link line: [ /usr/lib/gcc/x86_64-linux-gnu/12/collect2 -plugin /usr/lib/gcc/x86_64-linux-gnu/12/liblto_plugin.so -plugin-opt=/usr/lib/gcc/x86_64-linux-gnu/12/lto-wrapper -plugin-opt=-fresolution=/tmp/ccvyR9NW.res -plugin-opt=-pass-through=-lgcc_s -plugin-opt=-pass-through=-lgcc -plugin-opt=-pass-through=-lc -plugin-opt=-pass-through=-lgcc_s -plugin-opt=-pass-through=-lgcc --build-id --eh-frame-hdr -m elf_x86_64 --hash-style=gnu --as-needed -dynamic-linker /lib64/ld-linux-x86-64.so.2 -pie -o cmTC_9f18d /usr/lib/gcc/x86_64-linux-gnu/12/../../../x86_64-linux-gnu/Scrt1.o /usr/lib/gcc/x86_64-linux-gnu/12/../../../x86_64-linux-gnu/crti.o /usr/lib/gcc/x86_64-linux-gnu/12/crtbeginS.o -L/usr/lib/gcc/x86_64-linux-gnu/12 -L/usr/lib/gcc/x86_64-linux-gnu/12/../../../x86_64-linux-gnu -L/usr/lib/gcc/x86_64-linux-gnu/12/../../../../lib -L/lib/x86_64-linux-gnu -L/lib/../lib -L/usr/lib/x86_64-linux-gnu -L/usr/lib/../lib -L/usr/lib/gcc/x86_64-linux-gnu/12/../../.. CMakeFiles/cmTC_9f18d.dir/CMakeCXXCompilerABI.cpp.o -lstdc++ -lm -lgcc_s -lgcc -lc -lgcc_s -lgcc /usr/lib/gcc/x86_64-linux-gnu/12/crtendS.o /usr/lib/gcc/x86_64-linux-gnu/12/../../../x86_64-linux-gnu/crtn.o]
    arg [/usr/lib/gcc/x86_64-linux-gnu/12/collect2] ==> ignore
    arg [-plugin] ==> ignore
    arg [/usr/lib/gcc/x86_64-linux-gnu/12/liblto_plugin.so] ==> ignore
    arg [-plugin-opt=/usr/lib/gcc/x86_64-linux-gnu/12/lto-wrapper] ==> ignore
    arg [-plugin-opt=-fresolution=/tmp/ccvyR9NW.res] ==> ignore
    arg [-plugin-opt=-pass-through=-lgcc_s] ==> ignore
    arg [-plugin-opt=-pass-through=-lgcc] ==> ignore
    arg [-plugin-opt=-pass-through=-lc] ==> ignore
    arg [-plugin-opt=-pass-through=-lgcc_s] ==> ignore
    arg [-plugin-opt=-pass-through=-lgcc] ==> ignore
    arg [--build-id] ==> ignore
    arg [--eh-frame-hdr] ==> ignore
    arg [-m] ==> ignore
    arg [elf_x86_64] ==> ignore
    arg [--hash-style=gnu] ==> ignore
    arg [--as-needed] ==> ignore
    arg [-dynamic-linker] ==> ignore
    arg [/lib64/ld-linux-x86-64.so.2] ==> ignore
    arg [-pie] ==> ignore
    arg [-o] ==> ignore
    arg [cmTC_9f18d] ==> ignore
    arg [/usr/lib/gcc/x86_64-linux-gnu/12/../../../x86_64-linux-gnu/Scrt1.o] ==> obj [/usr/lib/gcc/x86_64-linux-gnu/12/../../../x86_64-linux-gnu/Scrt1.o]
    arg [/usr/lib/gcc/x86_64-linux-gnu/12/../../../x86_64-linux-gnu/crti.o] ==> obj [/usr/lib/gcc/x86_64-linux-gnu/12/../../../x86_64-linux-gnu/crti.o]
    arg [/usr/lib/gcc/x86_64-linux-gnu/12/crtbeginS.o] ==> obj [/usr/lib/gcc/x86_64-linux-gnu/12/crtbeginS.o]
    arg [-L/usr/lib/gcc/x86_64-linux-gnu/12] ==> dir [/usr/lib/gcc/x86_64-linux-gnu/12]
    arg [-L/usr/lib/gcc/x86_64-linux-gnu/12/../../../x86_64-linux-gnu] ==> dir [/usr/lib/gcc/x86_64-linux-gnu/12/../../../x86_64-linux-gnu]
    arg [-L/usr/lib/gcc/x86_64-linux-gnu/12/../../../../lib] ==> dir [/usr/lib/gcc/x86_64-linux-gnu/12/../../../../lib]
    arg [-L/lib/x86_64-linux-gnu] ==> dir [/lib/x86_64-linux-gnu]
    arg [-L/lib/../lib] ==> dir [/lib/../lib]
    arg [-L/usr/lib/x86_64-linux-gnu] ==> dir [/usr/lib/x86_64-linux-gnu]
    arg [-L/usr/lib/../lib] ==> dir [/usr/lib/../lib]
    arg [-L/usr/lib/gcc/x86_64-linux-gnu/12/../../..] ==> dir [/usr/lib/gcc/x86_64-linux-gnu/12/../../..]
    arg [CMakeFiles/cmTC_9f18d.dir/CMakeCXXCompilerABI.cpp.o] ==> ignore
    arg [-lstdc++] ==> lib [stdc++]
    arg [-lm] ==> lib [m]
    arg [-lgcc_s] ==> lib [gcc_s]
    arg [-lgcc] ==> lib [gcc]
    arg [-lc] ==> lib [c]
    arg [-lgcc_s] ==> lib [gcc_s]
    arg [-lgcc] ==> lib [gcc]
    arg [/usr/lib/gcc/x86_64-linux-gnu/12/crtendS.o] ==> obj [/usr/lib/gcc/x86_64-linux-gnu/12/crtendS.o]
    arg [/usr/lib/gcc/x86_64-linux-gnu/12/../../../x86_64-linux-gnu/crtn.o] ==> obj [/usr/lib/gcc/x86_64-linux-gnu/12/../../../x86_64-linux-gnu/crtn.o]
  collapse obj [/usr/lib/gcc/x86_64-linux-gnu/12/../../../x86_64-linux-gnu/Scrt1.o] ==> [/usr/lib/x86_64-linux-gnu/Scrt1.o]
  collapse obj [/usr/lib/gcc/x86_64-linux-gnu/12/../../../x86_64-linux-gnu/crti.o] ==> [/usr/lib/x86_64-linux-gnu/crti.o]
  collapse obj [/usr/lib/gcc/x86_64-linux-gnu/12/../../../x86_64-linux-gnu/crtn.o] ==> [/usr/lib/x86_64-linux-gnu/crtn.o]
  collapse library dir [/usr/lib/gcc/x86_64-linux-gnu/12] ==> [/usr/lib/gcc/x86_64-linux-gnu/12]
  collapse library dir [/usr/lib/gcc/x86_64-linux-gnu/12/../../../x86_64-linux-gnu] ==> [/usr/lib/x86_64-linux-gnu]
  collapse library dir [/usr/lib/gcc/x86_64-linux-gnu/12/../../../../lib] ==> [/usr/lib]
  collapse library dir [/lib/x86_64-linux-gnu] ==> [/lib/x86_64-linux-gnu]
  collapse library dir [/lib/../lib] ==> [/lib]
  collapse library dir [/usr/lib/x86_64-linux-gnu] ==> [/usr/lib/x86_64-linux-gnu]
  collapse library dir [/usr/lib/../lib] ==> [/usr/lib]
  collapse library dir [/usr/lib/gcc/x86_64-linux-gnu/12/../../..] ==> [/usr/lib]
  implicit libs: [stdc++;m;gcc_s;gcc;c;gcc_s;gcc]
  implicit objs: [/usr/lib/x86_64-linux-gnu/Scrt1.o;/usr/lib/x86_64-linux-gnu/crti.o;/usr/lib/gcc/x86_64-linux-gnu/12/crtbeginS.o;/usr/lib/gcc/x86_64-linux-gnu/12/crtendS.o;/usr/lib/x86_64-linux-gnu/crtn.o]
  implicit dirs: [/usr/lib/gcc/x86_64-linux-gnu/12;/usr/lib/x86_64-linux-gnu;/usr/lib;/lib/x86_64-linux-gnu;/lib]
  implicit fwks: []


Performing C++ SOURCE FILE Test HAVE_ATOMICS_WITHOUT_LIB succeeded with the following output:
Change Dir: /workspace/build/CMakeFiles/CMakeScratch/TryCompile-1Zy9Qw

Run Build Command(s):/usr/bin/gmake -f Makefile cmTC_bff47/fast && /usr/bin/gmake  -f CMakeFiles/cmTC_bff47.dir/build.make CMakeFiles/cmTC_bff47.dir/build
gmake[1]: Entering directory '/workspace/build/CMakeFiles/CMakeScratch/TryCompile-1Zy9Qw'
Building CXX object CMakeFiles/cmTC_bff47.dir/src.cxx.o
/usr/bin/c++ -DHAVE_ATOMICS_WITHOUT_LIB  -std=c++11 -o CMakeFiles/cmTC_bff47.dir/src.cxx.o -c /workspace/build/CMakeFiles/CMakeScratch/TryCompile-1Zy9Qw/src.cxx
Linking CXX executable cmTC_bff47
/usr/bin/cmake -E cmake_link_script CMakeFiles/cmTC_bff47.dir/link.txt --verbose=1
/usr/bin/c++   -std=c++11 CMakeFiles/cmTC_bff47.dir/src.cxx.o -o cmTC_bff47 
gmake[1]: Leaving directory '/workspace/build/CMakeFiles/CMakeScratch/TryCompile-1Zy9Qw'


Source file was:

#include <atomic>
#include <cstdint>
std::atomic<int> x1;
std::atomic<short> x2;
std::atomic<char> x3;
std::atomic<uint64_t> x (0);
int main() {
  uint64_t i = x.load(std::memory_order_relaxed);
  (void)i;
  ++x3;
  ++x2;
  return ++x1;
}


Performing C SOURCE FILE Test FLAG_SUPPORTED_fuse_ld_gold succeeded with the following output:
Change Dir: /workspace/build/CMakeFiles/CMakeScratch/TryCompile-fZH8zw

Run Build Command(s):/usr/bin/gmake -f Makefile cmTC_1c6a7/fast && /usr/bin/gmake  -f CMakeFiles/cmTC_1c6a7.dir/build.make CMakeFiles/cmTC_1c6a7.dir/build
gmake[1]: Entering directory '/workspace/build/CMakeFiles/CMakeScratch/TryCompile-fZH8zw'
Building C object CMakeFiles/cmTC_1c6a7.dir/src.c.o
/usr/bin/cc -DFLAG_SUPPORTED_fuse_ld_gold   -o CMakeFiles/cmTC_1c6a7.dir/src.c.o -c /workspace/build/CMakeFiles/CMakeScratch/TryCompile-fZH8zw/src.c
Linking C executable cmTC_1c6a7
/usr/bin/cmake -E cmake_link_script CMakeFiles/cmTC_1c6a7.dir/link.txt --verbose=1
/usr/bin/cc -fuse-ld=gold CMakeFiles/cmTC_1c6a7.dir/src.c.o -o cmTC_1c6a7 
gmake[1]: Leaving directory '/workspace/build/CMakeFiles/CMakeScratch/TryCompile-fZH8zw'


Source file was:
int main(void) { return 0; }

Performing C++ SOURCE FILE Test FLAG_SUPPORTED_fstack_protector_strong succeeded with the following output:
Change Dir: /workspace/build/CMakeFiles/CMakeScratch/TryCompile-iNrSgm

Run Build Command(s):/usr/bin/gmake -f Makefile cmTC_e9df4/fast && /usr/bin/gmake  -f CMakeFiles/cmTC_e9df4.dir/build.make CMakeFiles/cmTC_e9df4.dir/build
gmake[1]: Entering directory '/workspace/build/CMakeFiles/CMakeScratch/TryCompile-iNrSgm'
Building CXX object CMakeFiles/cmTC_e9df4.dir/src.cxx.o
/usr/bin/c++ -DFLAG_SUPPORTED_fstack_protector_strong  -fstack-protector-strong -o CMakeFiles/cmTC_e9df4.dir/src.cxx.o -c /workspace/build/CMakeFiles/CMakeScratch/TryCompile-iNrSgm/src.cxx
Linking CXX executable cmTC_e9df4
/usr/bin/cmake -E cmake_link_script CMakeFiles/cmTC_e9df4.dir/link.txt --verbose=1
/usr/bin/c++ CMakeFiles/cmTC_e9df4.dir/src.cxx.o -o cmTC_e9df4 
gmake[1]: Leaving directory '/workspace/build/CMakeFiles/CMakeScratch/TryCompile-iNrSgm'


Source file was:
int main() { return 0; }

Performing C++ SOURCE FILE Test FLAG_SUPPORTED_fno_exceptions succeeded with the following output:
Change Dir: /workspace/build/CMakeFiles/CMakeScratch/TryCompile-Ad1Zju

Run Build Command(s):/usr/bin/gmake -f Makefile cmTC_b9714/fast && /usr/bin/gmake  -f CMakeFiles/cmTC_b9714.dir/build.make CMakeFiles/cmTC_b9714.dir/build
gmake[1]: Entering directory '/workspace/build/CMakeFiles/CMakeScratch/TryCompile-Ad1Zju'
Building CXX object CMakeFiles/cmTC_b9714.dir/src.cxx.o
/usr/bin/c++ -DFLAG_SUPPORTED_fno_exceptions  -fno-exceptions -o CMakeFiles/cmTC_b9714.dir/src.cxx.o -c /workspace/build/CMakeFiles/CMakeScratch/TryCompile-Ad1Zju/src.cxx
Linking CXX executable cmTC_b9714
/usr/bin/cmake -E cmake_link_script CMakeFiles/cmTC_b9714.dir/link.txt --verbose=1
/usr/bin/c++ CMakeFiles/cmTC_b9714.dir/src.cxx.o -o cmTC_b9714 
gmake[1]: Leaving directory '/workspace/build/CMakeFiles/CMakeScratch/TryCompile-Ad1Zju'


Source file was:
int main() { return 0; }

Performing C++ SOURCE FILE Test FLAG_SUPPORTED_fsigned_char succeeded with the following output:
Change Dir: /workspace/build/CMakeFiles/CMakeScratch/TryCompile-lT6bax

Run Build Command(s):/usr/bin/gmake -f Makefile cmTC_fbf76/fast && /usr/bin/gmake  -f CMakeFiles/cmTC_fbf76.dir/build.make CMakeFiles/cmTC_fbf76.dir/build
gmake[1]: Entering directory '/workspace/build/CMakeFiles/CMakeScratch/TryCompile-lT6bax'
Building CXX object CMakeFiles/cmTC_fbf76.dir/src.cxx.o
/usr/bin/c++ -DFLAG_SUPPORTED_fsigned_char  -fsigned-char -o CMakeFiles/cmTC_fbf76.dir/src.cxx.o -c /workspace/build/CMakeFiles/CMakeScratch/TryCompile-lT6bax/src.cxx
Linking CXX executable cmTC_fbf76
/usr/bin/cmake -E cmake_link_script CMakeFiles/cmTC_fbf76.dir/link.txt --verbose=1
/usr/bin/c++ CMakeFiles/cmTC_fbf76.dir/src.cxx.o -o cmTC_fbf76 
gmake[1]: Leaving directory '/workspace/build/CMakeFiles/CMakeScratch/TryCompile-lT6bax'


Source file was:
int main() { return 0; }

Performing C++ SOURCE FILE Test FLAG_SUPPORTED_Wall succeeded with the following output:
Change Dir: /workspace/build/CMakeFiles/CMakeScratch/TryCompile-KbogoG

Run Build Command(s):/usr/bin/gmake -f Makefile cmTC_803ea/fast && /usr/bin/gmake  -f CMakeFiles/cmTC_803ea.dir/build.make CMakeFiles/cmTC_803ea.dir/build
gmake[1]: Entering directory '/workspace/build/CMakeFiles/CMakeScratch/TryCompile-KbogoG'
Building CXX object CMakeFiles/cmTC_803ea.dir/src.cxx.o
/usr/bin/c++ -DFLAG_SUPPORTED_Wall  -Wall -o CMakeFiles/cmTC_803ea.dir/src.cxx.o -c /workspace/build/CMakeFiles/CMakeScratch/TryCompile-KbogoG/src.cxx
Linking CXX executable cmTC_803ea
/usr/bin/cmake -E cmake_link_script CMakeFiles/cmTC_803ea.dir/link.txt --verbose=1
/usr/bin/c++ CMakeFiles/cmTC_803ea.dir/src.cxx.o -o cmTC_803ea 
gmake[1]: Leaving directory '/workspace/build/CMakeFiles/CMakeScratch/TryCompile-KbogoG'


Source file was:
int main() { return 0; }

Performing C++ SOURCE FILE Test FLAG_SUPPORTED_Wextra succeeded with the following output:
Change Dir: /workspace/build/CMakeFiles/CMakeScratch/TryCompile-563oSo

Run Build Command(s):/usr/bin/gmake -f Makefile cmTC_b6df9/fast && /usr/bin/gmake  -f CMakeFiles/cmTC_b6df9.dir/build.make CMakeFiles/cmTC_b6df9.dir/build
gmake[1]: Entering directory '/workspace/build/CMakeFiles/CMakeScratch/TryCompile-563oSo'
Building CXX object CMakeFiles/cmTC_b6df9.dir/src.cxx.o
/usr/bin/c++ -DFLAG_SUPPORTED_Wextra  -Wextra -o CMakeFiles/cmTC_b6df9.dir/src.cxx.o -c /workspace/build/CMakeFiles/CMakeScratch/TryCompile-563oSo/src.cxx
Linking CXX executable cmTC_b6df9
/usr/bin/cmake -E cmake_link_script CMakeFiles/cmTC_b6df9.dir/link.txt --verbose=1
/usr/bin/c++ CMakeFiles/cmTC_b6df9.dir/src.cxx.o -o cmTC_b6df9 
gmake[1]: Leaving directory '/workspace/build/CMakeFiles/CMakeScratch/TryCompile-563oSo'


Source file was:
int main() { return 0; }

Performing C++ SOURCE FILE Test FLAG_SUPPORTED_Wformat_2 succeeded with the following output:
Change Dir: /workspace/build/CMakeFiles/CMakeScratch/TryCompile-BcN0Fr

Run Build Command(s):/usr/bin/gmake -f Makefile cmTC_450c1/fast && /usr/bin/gmake  -f CMakeFiles/cmTC_450c1.dir/build.make CMakeFiles/cmTC_450c1.dir/build
gmake[1]: Entering directory '/workspace/build/CMakeFiles/CMakeScratch/TryCompile-BcN0Fr'
Building CXX object CMakeFiles/cmTC_450c1.dir/src.cxx.o
/usr/bin/c++ -DFLAG_SUPPORTED_Wformat_2  -Wformat=2 -o CMakeFiles/cmTC_450c1.dir/src.cxx.o -c /workspace/build/CMakeFiles/CMakeScratch/TryCompile-BcN0Fr/src.cxx
Linking CXX executable cmTC_450c1
/usr/bin/cmake -E cmake_link_script CMakeFiles/cmTC_450c1.dir/link.txt --verbose=1
/usr/bin/c++ CMakeFiles/cmTC_450c1.dir/src.cxx.o -o cmTC_450c1 
gmake[1]: Leaving directory '/workspace/build/CMakeFiles/CMakeScratch/TryCompile-BcN0Fr'


Source file was:
int main() { return 0; }

Performing C SOURCE FILE Test FLAG_SUPPORTED_Wno_implicit_function_declaration succeeded with the following output:
Change Dir: /workspace/build/CMakeFiles/CMakeScratch/TryCompile-6hh4hV

Run Build Command(s):/usr/bin/gmake -f Makefile cmTC_f63c7/fast && /usr/bin/gmake  -f CMakeFiles/cmTC_f63c7.dir/build.make CMakeFiles/cmTC_f63c7.dir/build
gmake[1]: Entering directory '/workspace/build/CMakeFiles/CMakeScratch/TryCompile-6hh4hV'
Building C object CMakeFiles/cmTC_f63c7.dir/src.c.o
/usr/bin/cc -DFLAG_SUPPORTED_Wno_implicit_function_declaration  -Wno-implicit-function-declaration -o CMakeFiles/cmTC_f63c7.dir/src.c.o -c /workspace/build/CMakeFiles/CMakeScratch/TryCompile-6hh4hV/src.c
Linking C executable cmTC_f63c7
/usr/bin/cmake -E cmake_link_script CMakeFiles/cmTC_f63c7.dir/link.txt --verbose=1
/usr/bin/cc CMakeFiles/cmTC_f63c7.dir/src.c.o -o cmTC_f63c7 
gmake[1]: Leaving directory '/workspace/build/CMakeFiles/CMakeScratch/TryCompile-6hh4hV'


Source file was:
int main(void) { return 0; }

Performing C++ SOURCE FILE Test FLAG_SUPPORTED_Wclass_memaccess succeeded with the following output:
Change Dir: /workspace/build/CMakeFiles/CMakeScratch/TryCompile-UILUJd

Run Build Command(s):/usr/bin/gmake -f Makefile cmTC_d1800/fast && /usr/bin/gmake  -f CMakeFiles/cmTC_d1800.dir/build.make CMakeFiles/cmTC_d1800.dir/build
gmake[1]: Entering directory '/workspace/build/CMakeFiles/CMakeScratch/TryCompile-UILUJd'
Building CXX object CMakeFiles/cmTC_d1800.dir/src.cxx.o
/usr/bin/c++ -DFLAG_SUPPORTED_Wclass_memaccess  -Wclass-memaccess -o CMakeFiles/cmTC_d1800.dir/src.cxx.o -c /workspace/build/CMakeFiles/CMakeScratch/TryCompile-UILUJd/src.cxx
Linking CXX executable cmTC_d1800
/usr/bin/cmake -E cmake_link_script CMakeFiles/cmTC_d1800.dir/link.txt --verbose=1
/usr/bin/c++ CMakeFiles/cmTC_d1800.dir/src.cxx.o -o cmTC_d1800 
gmake[1]: Leaving directory '/workspace/build/CMakeFiles/CMakeScratch/TryCompile-UILUJd'


Source file was:
int main() { return 0; }

Performing C++ SOURCE FILE Test FLAG_SUPPORTED_Wduplicated_branches succeeded with the following output:
Change Dir: /workspace/build/CMakeFiles/CMakeScratch/TryCompile-MBzbVM

Run Build Command(s):/usr/bin/gmake -f Makefile cmTC_c3e02/fast && /usr/bin/gmake  -f CMakeFiles/cmTC_c3e02.dir/build.make CMakeFiles/cmTC_c3e02.dir/build
gmake[1]: Entering directory '/workspace/build/CMakeFiles/CMakeScratch/TryCompile-MBzbVM'
Building CXX object CMakeFiles/cmTC_c3e02.dir/src.cxx.o
/usr/bin/c++ -DFLAG_SUPPORTED_Wduplicated_branches  -Wduplicated-branches -o CMakeFiles/cmTC_c3e02.dir/src.cxx.o -c /workspace/build/CMakeFiles/CMakeScratch/TryCompile-MBzbVM/src.cxx
Linking CXX executable cmTC_c3e02
/usr/bin/cmake -E cmake_link_script CMakeFiles/cmTC_c3e02.dir/link.txt --verbose=1
/usr/bin/c++ CMakeFiles/cmTC_c3e02.dir/src.cxx.o -o cmTC_c3e02 
gmake[1]: Leaving directory '/workspace/build/CMakeFiles/CMakeScratch/TryCompile-MBzbVM'


Source file was:
int main() { return 0; }

Performing C++ SOURCE FILE Test FLAG_SUPPORTED_Wduplicated_cond succeeded with the following output:
Change Dir: /workspace/build/CMakeFiles/CMakeScratch/TryCompile-l3XX2C

Run Build Command(s):/usr/bin/gmake -f Makefile cmTC_f000f/fast && /usr/bin/gmake  -f CMakeFiles/cmTC_f000f.dir/build.make CMakeFiles/cmTC_f000f.dir/build
gmake[1]: Entering directory '/workspace/build/CMakeFiles/CMakeScratch/TryCompile-l3XX2C'
Building CXX object CMakeFiles/cmTC_f000f.dir/src.cxx.o
/usr/bin/c++ -DFLAG_SUPPORTED_Wduplicated_cond  -Wduplicated-cond -o CMakeFiles/cmTC_f000f.dir/src.cxx.o -c /workspace/build/CMakeFiles/CMakeScratch/TryCompile-l3XX2C/src.cxx
Linking CXX executable cmTC_f000f
/usr/bin/cmake -E cmake_link_script CMakeFiles/cmTC_f000f.dir/link.txt --verbose=1
/usr/bin/c++ CMakeFiles/cmTC_f000f.dir/src.cxx.o -o cmTC_f000f 
gmake[1]: Leaving directory '/workspace/build/CMakeFiles/CMakeScratch/TryCompile-l3XX2C'


Source file was:
int main() { return 0; }

Performing C++ SOURCE FILE Test FLAG_SUPPORTED_Wlogical_op succeeded with the following output:
Change Dir: /workspace/build/CMakeFiles/CMakeScratch/TryCompile-rvHQTz

Run Build Command(s):/usr/bin/gmake -f Makefile cmTC_6fc5c/fast && /usr/bin/gmake  -f CMakeFiles/cmTC_6fc5c.dir/build.make CMakeFiles/cmTC_6fc5c.dir/build
gmake[1]: Entering directory '/workspace/build/CMakeFiles/CMakeScratch/TryCompile-rvHQTz'
Building CXX object CMakeFiles/cmTC_6fc5c.dir/src.cxx.o
/usr/bin/c++ -DFLAG_SUPPORTED_Wlogical_op  -Wlogical-op -o CMakeFiles/cmTC_6fc5c.dir/src.cxx.o -c /workspace/build/CMakeFiles/CMakeScratch/TryCompile-rvHQTz/src.cxx
Linking CXX executable cmTC_6fc5c
/usr/bin/cmake -E cmake_link_script CMakeFiles/cmTC_6fc5c.dir/link.txt --verbose=1
/usr/bin/c++ CMakeFiles/cmTC_6fc5c.dir/src.cxx.o -o cmTC_6fc5c 
gmake[1]: Leaving directory '/workspace/build/CMakeFiles/CMakeScratch/TryCompile-rvHQTz'


Source file was:
int main() { return 0; }

Performing C++ SOURCE FILE Test FLAG_SUPPORTED_Wno_missing_field_initializers succeeded with the following output:
Change Dir: /workspace/build/CMakeFiles/CMakeScratch/TryCompile-Pm5Gbz

Run Build Command(s):/usr/bin/gmake -f Makefile cmTC_9cc0f/fast && /usr/bin/gmake  -f CMakeFiles/cmTC_9cc0f.dir/build.make CMakeFiles/cmTC_9cc0f.dir/build
gmake[1]: Entering directory '/workspace/build/CMakeFiles/CMakeScratch/TryCompile-Pm5Gbz'
Building CXX object CMakeFiles/cmTC_9cc0f.dir/src.cxx.o
/usr/bin/c++ -DFLAG_SUPPORTED_Wno_missing_field_initializers  -Wno-missing-field-initializers -o CMakeFiles/cmTC_9cc0f.dir/src.cxx.o -c /workspace/build/CMakeFiles/CMakeScratch/TryCompile-Pm5Gbz/src.cxx
Linking CXX executable cmTC_9cc0f
/usr/bin/cmake -E cmake_link_script CMakeFiles/cmTC_9cc0f.dir/link.txt --verbose=1
/usr/bin/c++ CMakeFiles/cmTC_9cc0f.dir/src.cxx.o -o cmTC_9cc0f 
gmake[1]: Leaving directory '/workspace/build/CMakeFiles/CMakeScratch/TryCompile-Pm5Gbz'


Source file was:
int main() { return 0; }

Performing C++ SOURCE FILE Test FLAG_SUPPORTED_Wno_nullability_completeness succeeded with the following output:
Change Dir: /workspace/build/CMakeFiles/CMakeScratch/TryCompile-gf3bPH

Run Build Command(s):/usr/bin/gmake -f Makefile cmTC_db5ec/fast && /usr/bin/gmake  -f CMakeFiles/cmTC_db5ec.dir/build.make CMakeFiles/cmTC_db5ec.dir/build
gmake[1]: Entering directory '/workspace/build/CMakeFiles/CMakeScratch/TryCompile-gf3bPH'
Building CXX object CMakeFiles/cmTC_db5ec.dir/src.cxx.o
/usr/bin/c++ -DFLAG_SUPPORTED_Wno_nullability_completeness  -Wno-nullability-completeness -o CMakeFiles/cmTC_db5ec.dir/src.cxx.o -c /workspace/build/CMakeFiles/CMakeScratch/TryCompile-gf3bPH/src.cxx
Linking CXX executable cmTC_db5ec
/usr/bin/cmake -E cmake_link_script CMakeFiles/cmTC_db5ec.dir/link.txt --verbose=1
/usr/bin/c++ CMakeFiles/cmTC_db5ec.dir/src.cxx.o -o cmTC_db5ec 
gmake[1]: Leaving directory '/workspace/build/CMakeFiles/CMakeScratch/TryCompile-gf3bPH'


Source file was:
int main() { return 0; }

Performing C++ SOURCE FILE Test FLAG_SUPPORTED_Wno_psabi succeeded with the following output:
Change Dir: /workspace/build/CMakeFiles/CMakeScratch/TryCompile-llf7Kg

Run Build Command(s):/usr/bin/gmake -f Makefile cmTC_2f00a/fast && /usr/bin/gmake  -f CMakeFiles/cmTC_2f00a.dir/build.make CMakeFiles/cmTC_2f00a.dir/build
gmake[1]: Entering directory '/workspace/build/CMakeFiles/CMakeScratch/TryCompile-llf7Kg'
Building CXX object CMakeFiles/cmTC_2f00a.dir/src.cxx.o
/usr/bin/c++ -DFLAG_SUPPORTED_Wno_psabi  -Wno-psabi -o CMakeFiles/cmTC_2f00a.dir/src.cxx.o -c /workspace/build/CMakeFiles/CMakeScratch/TryCompile-llf7Kg/src.cxx
Linking CXX executable cmTC_2f00a
/usr/bin/cmake -E cmake_link_script CMakeFiles/cmTC_2f00a.dir/link.txt --verbose=1
/usr/bin/c++ CMakeFiles/cmTC_2f00a.dir/src.cxx.o -o cmTC_2f00a 
gmake[1]: Leaving directory '/workspace/build/CMakeFiles/CMakeScratch/TryCompile-llf7Kg'


Source file was:
int main() { return 0; }

Performing C++ SOURCE FILE Test FLAG_SUPPORTED_Wno_unused_parameter succeeded with the following output:
Change Dir: /workspace/build/CMakeFiles/CMakeScratch/TryCompile-qCC2dc

Run Build Command(s):/usr/bin/gmake -f Makefile cmTC_a566c/fast && /usr/bin/gmake  -f CMakeFiles/cmTC_a566c.dir/build.make CMakeFiles/cmTC_a566c.dir/build
gmake[1]: Entering directory '/workspace/build/CMakeFiles/CMakeScratch/TryCompile-qCC2dc'
Building CXX object CMakeFiles/cmTC_a566c.dir/src.cxx.o
/usr/bin/c++ -DFLAG_SUPPORTED_Wno_unused_parameter  -Wno-unused-parameter -o CMakeFiles/cmTC_a566c.dir/src.cxx.o -c /workspace/build/CMakeFiles/CMakeScratch/TryCompile-qCC2dc/src.cxx
Linking CXX executable cmTC_a566c
/usr/bin/cmake -E cmake_link_script CMakeFiles/cmTC_a566c.dir/link.txt --verbose=1
/usr/bin/c++ CMakeFiles/cmTC_a566c.dir/src.cxx.o -o cmTC_a566c 
gmake[1]: Leaving directory '/workspace/build/CMakeFiles/CMakeScratch/TryCompile-qCC2dc'


Source file was:
int main() { return 0; }

Performing C++ SOURCE FILE Test FLAG_SUPPORTED_Wrestrict succeeded with the following output:
Change Dir: /workspace/build/CMakeFiles/CMakeScratch/TryCompile-7WbBX5

Run Build Command(s):/usr/bin/gmake -f Makefile cmTC_d61f1/fast && /usr/bin/gmake  -f CMakeFiles/cmTC_d61f1.dir/build.make CMakeFiles/cmTC_d61f1.dir/build
gmake[1]: Entering directory '/workspace/build/CMakeFiles/CMakeScratch/TryCompile-7WbBX5'
Building CXX object CMakeFiles/cmTC_d61f1.dir/src.cxx.o
/usr/bin/c++ -DFLAG_SUPPORTED_Wrestrict  -Wrestrict -o CMakeFiles/cmTC_d61f1.dir/src.cxx.o -c /workspace/build/CMakeFiles/CMakeScratch/TryCompile-7WbBX5/src.cxx
Linking CXX executable cmTC_d61f1
/usr/bin/cmake -E cmake_link_script CMakeFiles/cmTC_d61f1.dir/link.txt --verbose=1
/usr/bin/c++ CMakeFiles/cmTC_d61f1.dir/src.cxx.o -o cmTC_d61f1 
gmake[1]: Leaving directory '/workspace/build/CMakeFiles/CMakeScratch/TryCompile-7WbBX5'


Source file was:
int main() { return 0; }

Performing C++ SOURCE FILE Test FLAG_SUPPORTED_Wshadow_global succeeded with the following output:
Change Dir: /workspace/build/CMakeFiles/CMakeScratch/TryCompile-i88DzB

Run Build Command(s):/usr/bin/gmake -f Makefile cmTC_c0961/fast && /usr/bin/gmake  -f CMakeFiles/cmTC_c0961.dir/build.make CMakeFiles/cmTC_c0961.dir/build
gmake[1]: Entering directory '/workspace/build/CMakeFiles/CMakeScratch/TryCompile-i88DzB'
Building CXX object CMakeFiles/cmTC_c0961.dir/src.cxx.o
/usr/bin/c++ -DFLAG_SUPPORTED_Wshadow_global  -Wshadow=global -o CMakeFiles/cmTC_c0961.dir/src.cxx.o -c /workspace/build/CMakeFiles/CMakeScratch/TryCompile-i88DzB/src.cxx
Linking CXX executable cmTC_c0961
/usr/bin/cmake -E cmake_link_script CMakeFiles/cmTC_c0961.dir/link.txt --verbose=1
/usr/bin/c++ CMakeFiles/cmTC_c0961.dir/src.cxx.o -o cmTC_c0961 
gmake[1]: Leaving directory '/workspace/build/CMakeFiles/CMakeScratch/TryCompile-i88DzB'


Source file was:
int main() { return 0; }

Performing C++ SOURCE FILE Test FLAG_SUPPORTED_Wsuggest_override succeeded with the following output:
Change Dir: /workspace/build/CMakeFiles/CMakeScratch/TryCompile-kstTr1

Run Build Command(s):/usr/bin/gmake -f Makefile cmTC_531d7/fast && /usr/bin/gmake  -f CMakeFiles/cmTC_531d7.dir/build.make CMakeFiles/cmTC_531d7.dir/build
gmake[1]: Entering directory '/workspace/build/CMakeFiles/CMakeScratch/TryCompile-kstTr1'
Building CXX object CMakeFiles/cmTC_531d7.dir/src.cxx.o
/usr/bin/c++ -DFLAG_SUPPORTED_Wsuggest_override  -Wsuggest-override -o CMakeFiles/cmTC_531d7.dir/src.cxx.o -c /workspace/build/CMakeFiles/CMakeScratch/TryCompile-kstTr1/src.cxx
Linking CXX executable cmTC_531d7
/usr/bin/cmake -E cmake_link_script CMakeFiles/cmTC_531d7.dir/link.txt --verbose=1
/usr/bin/c++ CMakeFiles/cmTC_531d7.dir/src.cxx.o -o cmTC_531d7 
gmake[1]: Leaving directory '/workspace/build/CMakeFiles/CMakeScratch/TryCompile-kstTr1'


Source file was:
int main() { return 0; }

Performing C SOURCE FILE Test FLAG_SUPPORTED_Wno_alloc_size_larger_than succeeded with the following output:
Change Dir: /workspace/build/CMakeFiles/CMakeScratch/TryCompile-j7NnU1

Run Build Command(s):/usr/bin/gmake -f Makefile cmTC_abf41/fast && /usr/bin/gmake  -f CMakeFiles/cmTC_abf41.dir/build.make CMakeFiles/cmTC_abf41.dir/build
gmake[1]: Entering directory '/workspace/build/CMakeFiles/CMakeScratch/TryCompile-j7NnU1'
Building C object CMakeFiles/cmTC_abf41.dir/src.c.o
/usr/bin/cc -DFLAG_SUPPORTED_Wno_alloc_size_larger_than   -o CMakeFiles/cmTC_abf41.dir/src.c.o -c /workspace/build/CMakeFiles/CMakeScratch/TryCompile-j7NnU1/src.c
Linking C executable cmTC_abf41
/usr/bin/cmake -E cmake_link_script CMakeFiles/cmTC_abf41.dir/link.txt --verbose=1
/usr/bin/cc -Wno-alloc-size-larger-than CMakeFiles/cmTC_abf41.dir/src.c.o -o cmTC_abf41 
gmake[1]: Leaving directory '/workspace/build/CMakeFiles/CMakeScratch/TryCompile-j7NnU1'


Source file was:
int main(void) { return 0; }

Performing C SOURCE FILE Test DEFINE_FORTIFY_SOURCE succeeded with the following output:
Change Dir: /workspace/build/CMakeFiles/CMakeScratch/TryCompile-B204gE

Run Build Command(s):/usr/bin/gmake -f Makefile cmTC_35c66/fast && /usr/bin/gmake  -f CMakeFiles/cmTC_35c66.dir/build.make CMakeFiles/cmTC_35c66.dir/build
gmake[1]: Entering directory '/workspace/build/CMakeFiles/CMakeScratch/TryCompile-B204gE'
Building C object CMakeFiles/cmTC_35c66.dir/src.c.o
/usr/bin/cc -DDEFINE_FORTIFY_SOURCE -D_FORTIFY_SOURCE=2  -O2 -Wp,-Werror -o CMakeFiles/cmTC_35c66.dir/src.c.o -c /workspace/build/CMakeFiles/CMakeScratch/TryCompile-B204gE/src.c
Linking C executable cmTC_35c66
/usr/bin/cmake -E cmake_link_script CMakeFiles/cmTC_35c66.dir/link.txt --verbose=1
/usr/bin/cc CMakeFiles/cmTC_35c66.dir/src.c.o -o cmTC_35c66 
gmake[1]: Leaving directory '/workspace/build/CMakeFiles/CMakeScratch/TryCompile-B204gE'


Source file was:
int main(void) { return 0; }

Performing C SOURCE FILE Test CMAKE_HAVE_LIBC_PTHREAD succeeded with the following output:
Change Dir: /workspace/build/CMakeFiles/CMakeScratch/TryCompile-1p3QDP

Run Build Command(s):/usr/bin/gmake -f Makefile cmTC_1a417/fast && /usr/bin/gmake  -f CMakeFiles/cmTC_1a417.dir/build.make CMakeFiles/cmTC_1a417.dir/build
gmake[1]: Entering directory '/workspace/build/CMakeFiles/CMakeScratch/TryCompile-1p3QDP'
Building C object CMakeFiles/cmTC_1a417.dir/src.c.o
/usr/bin/cc -DCMAKE_HAVE_LIBC_PTHREAD   -o CMakeFiles/cmTC_1a417.dir/src.c.o -c /workspace/build/CMakeFiles/CMakeScratch/TryCompile-1p3QDP/src.c
Linking C executable cmTC_1a417
/usr/bin/cmake -E cmake_link_script CMakeFiles/cmTC_1a417.dir/link.txt --verbose=1
/usr/bin/cc CMakeFiles/cmTC_1a417.dir/src.c.o -o cmTC_1a417 
gmake[1]: Leaving directory '/workspace/build/CMakeFiles/CMakeScratch/TryCompile-1p3QDP'


Source file was:
#include <pthread.h>

static void* test_func(void* data)
{
  return data;
}

int main(void)
{
  pthread_t thread;
  pthread_create(&thread, NULL, test_func, NULL);
  pthread_detach(thread);
  pthread_cancel(thread);
  pthread_join(thread, NULL);
  pthread_atfork(NULL, NULL, NULL);
  pthread_exit(NULL);

  return 0;
}


